=~=~=~=~=~=~=~=~=~=~=~= PuTTY log 2021.03.13 19:37:27 =~=~=~=~=~=~=~=~=~=~=~=
logout

  _____    _            
 | ____|__| | __ _  ___          (c) 2010-2020
 |  _| / _  |/ _  |/ _          Ubiquiti Networks, Inc.
 | |__| (_| | (_| |  __/         
 |_______._|__. |___|         https://www.ubnt.com
             |___/

Welcome to EdgeOS EdgeRouter-X-5-Port ttyS1

By logging in, accessing, or using the Ubiquiti product, you
acknowledge that you have read and understood the Ubiquiti
License Agreement (available in the Web UI at, by default,
http://192.168.1.1) and agree to be bound by its terms.

EdgeRouter-X-5-Port login: ubnt
Password: 
Last login: Thu Jan  1 16:41:54 UTC 2015 on ttyS1
Linux EdgeRouter-X-5-Port 4.14.54-UBNT #1 SMP Fri Jan 22 10:21:07 UTC 2021 mips
Welcome to EdgeOS
ubnt@EdgeRouter-X-5-Port:~$ cli-shell-api --show-commands --show-cfg1 /dev/null  --show-cfg2 /config/config.boot showConfig
set firewall all-ping enable
set firewall broadcast-ping disable
set firewall group network-group PRIVATE_NETS network 192.168.0.0/16
set firewall group network-group PRIVATE_NETS network 172.16.0.0/12
set firewall group network-group PRIVATE_NETS network 10.0.0.0/8
set firewall ipv6-receive-redirects disable
set firewall ipv6-src-route disable
set firewall ip-src-route disable
set firewall log-martians disable
set firewall modify balance rule 10 action modify
set firewall modify balance rule 10 description 'do NOT load balance lan to lan'
set firewall modify balance rule 10 destination group network-group PRIVATE_NETS
set firewall modify balance rule 10 modify table main
set firewall modify balance rule 20 action modify
set firewall modify balance rule 20 description 'do NOT load balance destination public address'
set firewall modify balance rule 20 destination group address-group ADDRv4_eth0
set firewall modify balance rule 20 modify table main
set firewall modify balance rule 30 action modify
set firewall modify balance rule 30 description 'do NOT load balance destination public address'
set firewall modify balance rule 30 destination group address-group ADDRv4_eth1
set firewall modify balance rule 30 modify table main
set firewall modify balance rule 70 action modify
set firewall modify balance rule 70 modify lb-group G
set firewall name WAN_IN default-action drop
set firewall name WAN_IN description 'WAN to internal'
set firewall name WAN_IN rule 10 action accept
set firewall name WAN_IN rule 10 description 'Allow established/related'
set firewall name WAN_IN rule 10 state established enable
set firewall name WAN_IN rule 10 state related enable
set firewall name WAN_IN rule 20 action drop
set firewall name WAN_IN rule 20 description 'Drop invalid state'
set firewall name WAN_IN rule 20 state invalid enable
set firewall name WAN_LOCAL default-action drop
set firewall name WAN_LOCAL description 'WAN to router'
set firewall name WAN_LOCAL rule 10 action accept
set firewall name WAN_LOCAL rule 10 description 'Allow established/related'
set firewall name WAN_LOCAL rule 10 state established enable
set firewall name WAN_LOCAL rule 10 state related enable
set firewall name WAN_LOCAL rule 20 action drop
set firewall name WAN_LOCAL rule 20 description 'Drop invalid state'
set firewall name WAN_LOCAL rule 20 state invalid enable
set firewall receive-redirects disable
set firewall send-redirects enable
set firewall source-validation disable
set firewall syn-cookies enable
set interfaces ethernet eth0 address dhcp
set interfaces ethernet eth0 description WAN
set interfaces ethernet eth0 duplex auto
set interfaces ethernet eth0 firewall in name WAN_IN
set interfaces ethernet eth0 firewall local name WAN_LOCAL
set interfaces ethernet eth0 speed auto
set interfaces ethernet eth1 address dhcp
set interfaces ethernet eth1 description 'WAN 2'
set interfaces ethernet eth1 duplex auto
set interfaces ethernet eth1 firewall in name WAN_IN
set interfaces ethernet eth1 firewall local name WAN_LOCAL
set interfaces ethernet eth1 speed auto
set interfaces ethernet eth2 duplex auto
set interfaces ethernet eth2 speed auto
set interfaces ethernet eth3 duplex auto
set interfaces ethernet eth3 speed auto
set interfaces ethernet eth4 duplex auto
set interfaces ethernet eth4 poe output off
set interfaces ethernet eth4 speed auto
set interfaces loopback lo
set interfaces switch switch0 address 192.168.170.1/24
set interfaces switch switch0 description Local
set interfaces switch switch0 firewall in modify balance
set interfaces switch switch0 switch-port interface eth2
set interfaces switch switch0 switch-port interface eth3
set interfaces switch switch0 switch-port interface eth4
set load-balance group G interface eth0
set load-balance group G interface eth1
set service dhcp-server disabled false
set service dhcp-server hostfile-update disable
set service dhcp-server shared-network-name LAN authoritative enable
set service dhcp-server shared-network-name LAN subnet 192.168.170.0/24 default-router 192.168.170.1
set service dhcp-server shared-network-name LAN subnet 192.168.170.0/24 dns-server 192.168.170.1
set service dhcp-server shared-network-name LAN subnet 192.168.170.0/24 lease 86400
set service dhcp-server shared-network-name LAN subnet 192.168.170.0/24 start 192.168.170.38 stop 192.168.170.243
set service dns forwarding cache-size 150
set service dns forwarding listen-on switch0
set service gui https-port 443
set service nat rule 5000 description 'masquerade for WAN'
set service nat rule 5000 outbound-interface eth0
set service nat rule 5000 type masquerade
set service nat rule 5002 description 'masquerade for WAN 2'
set service nat rule 5002 outbound-interface eth1
set service nat rule 5002 type masquerade
set service ssh port 22
set service ssh protocol-version v2
set service unms
set system analytics-handler send-analytics-report false
set system conntrack expect-table-size 4096
set system conntrack hash-size 4096
set system conntrack table-size 32768
set system conntrack tcp half-open-connections 512
set system conntrack tcp loose enable
set system conntrack tcp max-retrans 3
set system crash-handler send-crash-report false
set system host-name EdgeRouter-X-5-Port
set system login user ubnt authentication encrypted-password '$1$zKNoUbAo$gomzUbYvgyUMcD436Wo66.'
set system login user ubnt level admin
set system ntp server 0.ubnt.pool.ntp.org
set system ntp server 1.ubnt.pool.ntp.org
set system ntp server 2.ubnt.pool.ntp.org
set system ntp server 3.ubnt.pool.ntp.org
set system syslog global facility all level notice
set system syslog global facility protocols level debug
set system time-zone UTC
ubnt@EdgeRouter-X-5-Port:~$ 